<?xml version="1.0" encoding="UTF-8"?>
<!-- Generated by org.testng.reporters.JUnitXMLReporter -->
<testsuite hostname="Vepas-MacBook-Pro.local" ignored="0" name="login" tests="3" failures="0" timestamp="2020-10-16T18:30:03 CDT" time="25.468" errors="0">
  <testcase name="login" time="1.794" classname="com.syntax.testCases.Login"/>
  <testcase name="loginInvalidUserName" time="5.615" classname="com.syntax.testCases.Login"/>
  <testcase name="loginInvalidPassword" time="6.157" classname="com.syntax.testCases.Login"/>
</testsuite> <!-- login -->
